<?xml version="1.0" encoding="UTF-8"?>
<coverage generated="1702913526013" clover="3.2.0">
  <project timestamp="1702913526014" name="All files">
    <metrics statements="0" coveredstatements="0" conditionals="0" coveredconditionals="0" methods="0" coveredmethods="0" elements="0" coveredelements="0" complexity="0" loc="0" ncloc="0" packages="2" files="2" classes="2"/>
    <package name="src">
      <metrics statements="0" coveredstatements="0" conditionals="0" coveredconditionals="0" methods="0" coveredmethods="0"/>
      <file name="vite-env.d.ts" path="C:\Users\Admin\Documents\GitHub\DEV010-movie-challenge-fw\src\vite-env.d.ts">
        <metrics statements="0" coveredstatements="0" conditionals="0" coveredconditionals="0" methods="0" coveredmethods="0"/>
      </file>
    </package>
    <package name="src.tests">
      <metrics statements="0" coveredstatements="0" conditionals="0" coveredconditionals="0" methods="0" coveredmethods="0"/>
      <file name="styleMock.ts" path="C:\Users\Admin\Documents\GitHub\DEV010-movie-challenge-fw\src\tests\styleMock.ts">
        <metrics statements="0" coveredstatements="0" conditionals="0" coveredconditionals="0" methods="0" coveredmethods="0"/>
      </file>
    </package>
  </project>
</coverage>
