{"C:\\Users\\Admin\\Documents\\GitHub\\DEV010-movie-challenge-fw\\src\\vite-env.d.ts": {"path":"C:\\Users\\Admin\\Documents\\GitHub\\DEV010-movie-challenge-fw\\src\\vite-env.d.ts","statementMap":{},"fnMap":{},"branchMap":{},"s":{},"f":{},"b":{}}
,"C:\\Users\\Admin\\Documents\\GitHub\\DEV010-movie-challenge-fw\\src\\tests\\styleMock.ts": {"path":"C:\\Users\\Admin\\Documents\\GitHub\\DEV010-movie-challenge-fw\\src\\tests\\styleMock.ts","statementMap":{},"fnMap":{},"branchMap":{},"s":{},"f":{},"b":{}}
}
